<?xml version="1.0" encoding="UTF-8"?>
<!-- Generated by org.testng.reporters.JUnitXMLReporter -->
<testsuite hostname="DESKTOP-GEO1BRR" name="RegistrationPageRegressionTests" tests="4" failures="1" timestamp="2 Mar 2019 12:32:23 GMT" time="3.742" errors="0">
  <testcase name="enterFirstNameAndLastNameTest" time="0.479" classname="tests.RegistrationTests">
    <failure type="java.lang.AssertionError" message="expected [firstname] but found [FirstName]">
      <![CDATA[java.lang.AssertionError: expected [firstname] but found [FirstName]
	at tests.RegistrationTests.enterFirstNameAndLastNameTest(RegistrationTests.java:19)
	at utilities.TestNGRunner.main(TestNGRunner.java:24)
	at org.codehaus.mojo.exec.ExecJavaMojo$1.run(ExecJavaMojo.java:294)
	at java.lang.Thread.run(Thread.java:745)
... Removed 30 stack frames]]>
    </failure>
  </testcase> <!-- enterFirstNameAndLastNameTest -->
  <testcase name="selectMaleRadioButtonTest" time="0.687" classname="tests.RegistrationTests"/>
  <testcase name="selectAHobbyTest" time="0.412" classname="tests.RegistrationTests"/>
  <testcase name="selectCountryTest" time="0.562" classname="tests.RegistrationTests"/>
</testsuite> <!-- RegistrationPageRegressionTests -->
